19:13:09.917 [main] INFO  testCases.TC001_AccountRegister - System is on Home page
19:13:10.363 [main] INFO  testCases.TC001_AccountRegister - System is on Registration page
19:13:10.380 [main] INFO  testCases.TC001_AccountRegister - Entering details..
19:13:11.705 [main] INFO  testCases.TC001_AccountRegister - Account created
19:13:14.164 [main] INFO  testCases.TC002_Login - *Starting Verify Login Test*
19:13:14.927 [main] INFO  testCases.TC002_Login - Entering Email and Password
19:13:15.586 [main] INFO  testCases.TC002_Login - Clicked Login
19:15:11.956 [main] INFO  testCases.TC001_AccountRegister - System is on Home page
19:15:12.262 [main] INFO  testCases.TC001_AccountRegister - System is on Registration page
19:15:12.264 [main] INFO  testCases.TC001_AccountRegister - Entering details..
19:15:13.525 [main] INFO  testCases.TC001_AccountRegister - Account created
19:15:15.613 [main] INFO  testCases.TC002_Login - *Starting Verify Login Test*
19:15:16.419 [main] INFO  testCases.TC002_Login - Entering Email and Password
19:15:17.115 [main] INFO  testCases.TC002_Login - Clicked Login
19:25:21.623 [main] INFO  testCases.TC001_AccountRegister - System is on Home page
19:25:22.046 [main] INFO  testCases.TC001_AccountRegister - System is on Registration page
19:25:22.049 [main] INFO  testCases.TC001_AccountRegister - Entering details..
19:25:23.179 [main] INFO  testCases.TC001_AccountRegister - Account created
19:25:26.230 [main] INFO  testCases.TC002_Login - *Starting Verify Login Test*
19:25:26.581 [main] INFO  testCases.TC002_Login - Entering Email and Password
19:25:27.415 [main] INFO  testCases.TC002_Login - Clicked Login
19:35:09.125 [main] INFO  testCases.TC001_AccountRegister - System is on Home page
19:35:09.582 [main] INFO  testCases.TC001_AccountRegister - System is on Registration page
19:35:09.584 [main] INFO  testCases.TC001_AccountRegister - Entering details..
19:35:10.704 [main] INFO  testCases.TC001_AccountRegister - Account created
19:35:13.880 [main] INFO  testCases.TC002_Login - *Starting Verify Login Test*
19:35:14.622 [main] INFO  testCases.TC002_Login - Entering Email and Password
19:35:15.272 [main] INFO  testCases.TC002_Login - Clicked Login
12:41:41.591 [main] INFO  org.testng.internal.Utils - [TestNG] Running:
  C:\Users\ADMIN\eclipse-workspace\Opencartv0.1\master.xml

12:41:59.370 [main] INFO  testCases.TC001_AccountRegister - System is on Home page
12:41:59.976 [main] INFO  testCases.TC001_AccountRegister - System is on Registration page
12:41:59.977 [main] INFO  testCases.TC001_AccountRegister - Entering details..
12:42:00.881 [main] INFO  testCases.TC001_AccountRegister - Account created
12:42:04.764 [main] INFO  testCases.TC002_Login - *Starting Verify Login Test*
12:42:05.063 [main] INFO  testCases.TC002_Login - Entering Email and Password
12:42:05.779 [main] INFO  testCases.TC002_Login - Clicked Login
08:39:01.674 [main] INFO  org.testng.internal.Utils - [TestNG] Running:
  C:\Users\ADMIN\eclipse-workspace\Opencartv0.1\master.xml

08:39:05.010 [main] INFO  testCases.TC001_AccountRegister - System is on Home page
08:39:05.282 [main] INFO  testCases.TC001_AccountRegister - System is on Registration page
08:39:05.283 [main] INFO  testCases.TC001_AccountRegister - Entering details..
08:39:06.333 [main] INFO  testCases.TC001_AccountRegister - Account created
08:39:08.685 [main] INFO  testCases.TC002_Login - *Starting Verify Login Test*
08:39:08.973 [main] INFO  testCases.TC002_Login - Entering Email and Password
08:39:09.685 [main] INFO  testCases.TC002_Login - Clicked Login
08:40:02.305 [main] INFO  org.testng.internal.Utils - [TestNG] Running:
  C:\Users\ADMIN\eclipse-workspace\Opencartv0.1\crossBrowser.xml

08:40:08.820 [TestNG-tests-3] INFO  testCases.TC001_AccountRegister - System is on Home page
08:40:09.895 [TestNG-tests-3] INFO  testCases.TC001_AccountRegister - System is on Registration page
08:40:09.897 [TestNG-tests-3] INFO  testCases.TC001_AccountRegister - Entering details..
08:40:10.977 [TestNG-tests-3] INFO  testCases.TC001_AccountRegister - Account created
08:40:21.633 [TestNG-tests-1] INFO  testCases.TC001_AccountRegister - System is on Home page
08:40:22.194 [TestNG-tests-1] INFO  testCases.TC001_AccountRegister - System is on Registration page
08:40:22.194 [TestNG-tests-1] INFO  testCases.TC001_AccountRegister - Entering details..
08:40:23.235 [TestNG-tests-1] INFO  testCases.TC001_AccountRegister - Account created
08:41:10.114 [main] INFO  org.testng.internal.Utils - [TestNG] Running:
  C:\Users\ADMIN\eclipse-workspace\Opencartv0.1\crossBrowser.xml

08:41:12.694 [TestNG-tests-2] INFO  testCases.TC001_AccountRegister - System is on Home page
08:41:12.719 [TestNG-tests-3] INFO  testCases.TC001_AccountRegister - System is on Home page
08:41:12.747 [TestNG-tests-1] INFO  testCases.TC001_AccountRegister - System is on Home page
08:41:13.022 [TestNG-tests-2] INFO  testCases.TC001_AccountRegister - System is on Registration page
